6.970000000000000000e+02
3.070000000000000000e+02
9.740000000000000000e+02
7.300000000000000000e+01
6.370000000000000000e+02
3.450000000000000000e+02
3.800000000000000000e+02
7.520000000000000000e+02
5.220000000000000000e+02
6.000000000000000000e+01
2.720000000000000000e+02
2.500000000000000000e+01
6.880000000000000000e+02
3.810000000000000000e+02
5.750000000000000000e+02
2.820000000000000000e+02
5.600000000000000000e+01
4.870000000000000000e+02
3.010000000000000000e+02
3.300000000000000000e+02
4.560000000000000000e+02
6.630000000000000000e+02
7.600000000000000000e+02
1.870000000000000000e+02
3.750000000000000000e+02
5.040000000000000000e+02
1.600000000000000000e+01
1.550000000000000000e+02
5.070000000000000000e+02
8.890000000000000000e+02
1.830000000000000000e+02
5.060000000000000000e+02
6.960000000000000000e+02
9.450000000000000000e+02
2.640000000000000000e+02
8.780000000000000000e+02
6.500000000000000000e+01
8.540000000000000000e+02
7.960000000000000000e+02
7.130000000000000000e+02
1.890000000000000000e+02
9.060000000000000000e+02
9.310000000000000000e+02
2.670000000000000000e+02
6.510000000000000000e+02
1.950000000000000000e+02
4.490000000000000000e+02
2.200000000000000000e+01
7.440000000000000000e+02
8.600000000000000000e+02
7.800000000000000000e+01
9.130000000000000000e+02
4.340000000000000000e+02
3.900000000000000000e+02
4.190000000000000000e+02
4.700000000000000000e+02
9.040000000000000000e+02
6.330000000000000000e+02
6.830000000000000000e+02
6.490000000000000000e+02
7.420000000000000000e+02
2.370000000000000000e+02
1.030000000000000000e+02
1.430000000000000000e+02
9.400000000000000000e+01
2.700000000000000000e+02
8.010000000000000000e+02
9.160000000000000000e+02
4.430000000000000000e+02
8.200000000000000000e+01
2.790000000000000000e+02
9.350000000000000000e+02
8.880000000000000000e+02
9.000000000000000000e+01
3.830000000000000000e+02
3.670000000000000000e+02
7.670000000000000000e+02
9.030000000000000000e+02
3.760000000000000000e+02
7.890000000000000000e+02
1.730000000000000000e+02
9.010000000000000000e+02
3.020000000000000000e+02
1.920000000000000000e+02
4.930000000000000000e+02
7.840000000000000000e+02
9.500000000000000000e+02
7.820000000000000000e+02
1.050000000000000000e+02
2.450000000000000000e+02
4.330000000000000000e+02
9.520000000000000000e+02
3.180000000000000000e+02
5.610000000000000000e+02
8.240000000000000000e+02
8.900000000000000000e+02
9.900000000000000000e+01
2.300000000000000000e+02
6.870000000000000000e+02
2.570000000000000000e+02
